Arguments: 
  C:\Program Files\nodejs\node.exe C:\Users\CNZHLIU14\AppData\Roaming\npm\node_modules\yarn\bin\yarn.js add mysql

PATH: 
  C:\Program Files\Git\mingw64\bin;C:\Program Files\Git\usr\bin;C:\Users\CNZHLIU14\bin;C:\Program Files (x86)\Common Files\Oracle\Java\javapath;C:\windows\system32;C:\windows;C:\windows\System32\Wbem;C:\windows\System32\WindowsPowerShell\v1.0;C:\Program Files\nodejs;C:\Program Files\Git\cmd;C:\Program Files\Microsoft SQL Server\120\DTS\Binn;C:\Program Files\Microsoft SQL Server\Client SDK\ODBC\110\Tools\Binn;C:\Program Files (x86)\Microsoft SQL Server\120\Tools\Binn;C:\Program Files\Microsoft SQL Server\120\Tools\Binn;C:\Program Files (x86)\Microsoft SQL Server\120\Tools\Binn\ManagementStudio;C:\Program Files (x86)\Microsoft SQL Server\120\DTS\Binn;C:\Program Files (x86)\Microsoft SQL Server\110\Tools\Binn\ManagementStudio;C:\Program Files (x86)\Microsoft SQL Server\110\Tools\Binn;C:\Program Files (x86)\Microsoft Visual Studio 11.0\Common7\IDE\PrivateAssemblies;C:\Program Files (x86)\Microsoft SQL Server\110\DTS\Binn;C:\Program Files\Redis;C:\Users\CNZHLIU14\scoop\shims;C:\Users\CNZHLIU14\AppData\Local\Microsoft\WindowsApps;C:\Users\CNZHLIU14\AppData\Roaming\npm;C:\Program Files\JetBrains\WebStorm 2019.2\bin;C:\Users\CNZHLIU14\AppData\Local\Programs\Microsoft VS Code\bin

Yarn version: 
  1.17.3

Node version: 
  10.16.0

Platform: 
  win32 x64

Trace: 
  Error: connect ECONNREFUSED 104.16.23.35:443
      at TCPConnectWrap.afterConnect [as oncomplete] (net.js:1106:14)

npm manifest: 
  {
    "name": "koa-project",
    "version": "1.0.0",
    "description": "",
    "main": "bin/www.js",
    "scripts": {
      "test": "echo \"Error: no test specified\" && exit 1",
      "dev": "cross-env NODE_ENV=dev nodemon ./bin/www.js",
      "prd": "cross-env NODE_ENV=production pm2 ./bin/www.js"
    },
    "keywords": [],
    "author": "",
    "license": "ISC",
    "devDependencies": {
      "cross-env": "^6.0.3"
    }
  }

yarn manifest: 
  No manifest

Lockfile: 
  No lockfile
