GET -- / -- Opera/9.80 (Windows NT 6.0) Presto/2.12.388 Version/12.14 -- 1574598386565
GET -- /favicon.ico -- Opera/9.80 (Windows NT 6.0) Presto/2.12.388 Version/12.14 -- 1574598387822
GET -- /api/user/login-test -- Opera/9.80 (Windows NT 6.0) Presto/2.12.388 Version/12.14 -- 1574598423859
GET -- /api/blog/list -- Opera/9.80 (Windows NT 6.0) Presto/2.12.388 Version/12.14 -- 1574598443891
GET -- /api/blog/list -- Opera/9.80 (Windows NT 6.0) Presto/2.12.388 Version/12.14 -- 1574598525562
GET -- /api/blog/list -- Opera/9.80 (Windows NT 6.0) Presto/2.12.388 Version/12.14 -- 1574601563537
GET -- /api/blog/list -- Opera/9.80 (Windows NT 6.0) Presto/2.12.388 Version/12.14 -- 1574601567730
GET -- /api/blog/list -- Opera/9.80 (Windows NT 6.0) Presto/2.12.388 Version/12.14 -- 1574601568042
GET -- /api/blog/list -- Opera/9.80 (Windows NT 6.0) Presto/2.12.388 Version/12.14 -- 1574601568346
GET -- /api/blog/list -- Opera/9.80 (Windows NT 6.0) Presto/2.12.388 Version/12.14 -- 1574601568618
GET -- /api/blog/list -- Opera/9.80 (Windows NT 6.0) Presto/2.12.388 Version/12.14 -- 1574601568904
1574601976085--GET--/--Opera/9.80 (Windows NT 6.0) Presto/2.12.388 Version/12.14
1574601978495--GET--/api/user/login-test--Opera/9.80 (Windows NT 6.0) Presto/2.12.388 Version/12.14
1574602001257--GET--/api/user/login-test--Mozilla/5.0 (Windows NT 10.0; WOW64; Trident/7.0; rv:11.0) like Gecko
1574602006489--GET--/api/user/login-test--Mozilla/5.0 (Windows NT 10.0; WOW64; Trident/7.0; rv:11.0) like Gecko
1574602030387--GET--/api/user/login-test--Mozilla/5.0 (Windows NT 10.0; Win64; x64) AppleWebKit/537.36 (KHTML, like Gecko) Chrome/58.0.3029.110 Safari/537.36 Edge/16.16299
1574603435978--GET--/--Opera/9.80 (Windows NT 6.0) Presto/2.12.388 Version/12.14
1574603975110--GET--/api/blog/list--Opera/9.80 (Windows NT 6.0) Presto/2.12.388 Version/12.14
1574604002814--GET--/api/blog/list--Opera/9.80 (Windows NT 6.0) Presto/2.12.388 Version/12.14
1574604002814--POST--/api/user/login--Opera/9.80 (Windows NT 6.0) Presto/2.12.388 Version/12.14
1574604052340--POST--/api/user/login--Opera/9.80 (Windows NT 6.0) Presto/2.12.388 Version/12.14
1574604052341--GET--/api/blog/list--Opera/9.80 (Windows NT 6.0) Presto/2.12.388 Version/12.14
1574604296592--POST--/api/user/login--Mozilla/5.0 (Windows NT 10.0; Win64; x64) AppleWebKit/537.36 (KHTML, like Gecko) Chrome/78.0.3904.108 Safari/537.36
1574604344197--POST--/api/user/login--PostmanRuntime/7.20.1
1574604350575--POST--/api/user/login--PostmanRuntime/7.20.1
1574604405842--POST--/api/user/login--Opera/9.80 (Windows NT 6.0) Presto/2.12.388 Version/12.14
1574604405843--GET--/api/blog/list--Opera/9.80 (Windows NT 6.0) Presto/2.12.388 Version/12.14
1574604490493--POST--/api/user/login--Opera/9.80 (Windows NT 6.0) Presto/2.12.388 Version/12.14
1574604529992--POST--/api/user/login--PostmanRuntime/7.20.1
1574604619179--GET--/--Opera/9.80 (Windows NT 6.0) Presto/2.12.388 Version/12.14
1574604628152--POST--/api/user/login--Opera/9.80 (Windows NT 6.0) Presto/2.12.388 Version/12.14
1574604711544--POST--/api/user/login--Opera/9.80 (Windows NT 6.0) Presto/2.12.388 Version/12.14
1574604898240--POST--/api/user/login--Opera/9.80 (Windows NT 6.0) Presto/2.12.388 Version/12.14
1574605024855--POST--/api/user/login--PostmanRuntime/7.20.1
1574605030716--POST--/api/user/login--PostmanRuntime/7.20.1
1574605045152--POST--/api/user/login--Mozilla/5.0 (Windows NT 10.0; Win64; x64) AppleWebKit/537.36 (KHTML, like Gecko) Chrome/78.0.3904.108 Safari/537.36
1574605047831--POST--/api/user/login--Mozilla/5.0 (Windows NT 10.0; Win64; x64) AppleWebKit/537.36 (KHTML, like Gecko) Chrome/78.0.3904.108 Safari/537.36
1574605058888--POST--/api/user/login--Mozilla/5.0 (Windows NT 10.0; Win64; x64) AppleWebKit/537.36 (KHTML, like Gecko) Chrome/78.0.3904.108 Safari/537.36
1574605138561--POST--/api/user/login--Opera/9.80 (Windows NT 6.0) Presto/2.12.388 Version/12.14
1574605201172--POST--/api/user/login--Opera/9.80 (Windows NT 6.0) Presto/2.12.388 Version/12.14
1574605246185--POST--/api/user/login--Opera/9.80 (Windows NT 6.0) Presto/2.12.388 Version/12.14
1574605254372--POST--/api/user/login--Opera/9.80 (Windows NT 6.0) Presto/2.12.388 Version/12.14
1574605295949--POST--/api/user/login--Opera/9.80 (Windows NT 6.0) Presto/2.12.388 Version/12.14
1574605303864--POST--/api/user/login--Opera/9.80 (Windows NT 6.0) Presto/2.12.388 Version/12.14
1574605322904--POST--/api/user/login--Opera/9.80 (Windows NT 6.0) Presto/2.12.388 Version/12.14
1574605337317--POST--/api/user/login--Opera/9.80 (Windows NT 6.0) Presto/2.12.388 Version/12.14
1574605501809--POST--/api/user/login--Opera/9.80 (Windows NT 6.0) Presto/2.12.388 Version/12.14
1574605505805--POST--/api/user/login--Opera/9.80 (Windows NT 6.0) Presto/2.12.388 Version/12.14
1574605520002--POST--/api/user/login--Opera/9.80 (Windows NT 6.0) Presto/2.12.388 Version/12.14
1574605547097--POST--/api/user/login--Opera/9.80 (Windows NT 6.0) Presto/2.12.388 Version/12.14
1574605557120--POST--/api/user/login--Opera/9.80 (Windows NT 6.0) Presto/2.12.388 Version/12.14
1574605566498--POST--/api/user/login--Opera/9.80 (Windows NT 6.0) Presto/2.12.388 Version/12.14
1574605598112--POST--/api/user/login--Opera/9.80 (Windows NT 6.0) Presto/2.12.388 Version/12.14
1574605623506--POST--/api/user/login--Opera/9.80 (Windows NT 6.0) Presto/2.12.388 Version/12.14
1574605628767--POST--/api/user/login--Opera/9.80 (Windows NT 6.0) Presto/2.12.388 Version/12.14
1574605704442--POST--/api/user/login--Opera/9.80 (Windows NT 6.0) Presto/2.12.388 Version/12.14
1574605754711--POST--/api/user/login--Opera/9.80 (Windows NT 6.0) Presto/2.12.388 Version/12.14
1574605777014--POST--/api/user/login--Opera/9.80 (Windows NT 6.0) Presto/2.12.388 Version/12.14
1574605830457--POST--/api/user/login--Opera/9.80 (Windows NT 6.0) Presto/2.12.388 Version/12.14
1574605858668--POST--/api/user/login--Opera/9.80 (Windows NT 6.0) Presto/2.12.388 Version/12.14
1574606040161--POST--/api/user/login--Opera/9.80 (Windows NT 6.0) Presto/2.12.388 Version/12.14
1574606436917--POST--/api/user/login--Opera/9.80 (Windows NT 6.0) Presto/2.12.388 Version/12.14
1574606448950--POST--/api/user/login--Opera/9.80 (Windows NT 6.0) Presto/2.12.388 Version/12.14
1574606458559--POST--/api/user/login--Opera/9.80 (Windows NT 6.0) Presto/2.12.388 Version/12.14
1574655640235--GET--/--Opera/9.80 (Windows NT 6.0) Presto/2.12.388 Version/12.14
1574655656942--POST--/api/user/login--Opera/9.80 (Windows NT 6.0) Presto/2.12.388 Version/12.14
1574655665671--POST--/api/user/login--Opera/9.80 (Windows NT 6.0) Presto/2.12.388 Version/12.14
1574655694621--POST--/api/user/login--Opera/9.80 (Windows NT 6.0) Presto/2.12.388 Version/12.14
1574655699931--POST--/api/user/login--Opera/9.80 (Windows NT 6.0) Presto/2.12.388 Version/12.14
1574655752279--POST--/api/user/login--Opera/9.80 (Windows NT 6.0) Presto/2.12.388 Version/12.14
1574658665272--GET--/--Opera/9.80 (Windows NT 6.0) Presto/2.12.388 Version/12.14
1574658665442--GET--/favicon.ico--Opera/9.80 (Windows NT 6.0) Presto/2.12.388 Version/12.14
